{"/Users/budi/Sites/opensource/vscode-faker/out/src/entity/address.js":{"path":"/Users/budi/Sites/opensource/vscode-faker/out/src/entity/address.js","s":{"1":1,"2":1,"3":1,"4":1,"5":1,"6":1,"7":1,"8":1},"b":{},"f":{"1":1,"2":1,"3":1,"4":1},"fnMap":{"1":{"name":"(anonymous_1)","line":2,"loc":{"start":{"line":2,"column":15},"end":{"line":2,"column":27}}},"2":{"name":"Address","line":3,"loc":{"start":{"line":3,"column":4},"end":{"line":3,"column":23}}},"3":{"name":"(anonymous_3)","line":5,"loc":{"start":{"line":5,"column":32},"end":{"line":5,"column":44}}},"4":{"name":"(anonymous_4)","line":8,"loc":{"start":{"line":8,"column":35},"end":{"line":8,"column":47}}}},"statementMap":{"1":{"start":{"line":2,"column":0},"end":{"line":29,"column":5}},"2":{"start":{"line":3,"column":4},"end":{"line":4,"column":5}},"3":{"start":{"line":5,"column":4},"end":{"line":7,"column":6}},"4":{"start":{"line":6,"column":8},"end":{"line":6,"column":25}},"5":{"start":{"line":8,"column":4},"end":{"line":27,"column":6}},"6":{"start":{"line":9,"column":8},"end":{"line":26,"column":10}},"7":{"start":{"line":28,"column":4},"end":{"line":28,"column":19}},"8":{"start":{"line":30,"column":0},"end":{"line":30,"column":26}}},"branchMap":{}},"/Users/budi/Sites/opensource/vscode-faker/out/src/entity/commerce.js":{"path":"/Users/budi/Sites/opensource/vscode-faker/out/src/entity/commerce.js","s":{"1":1,"2":1,"3":1,"4":1,"5":1,"6":1,"7":1,"8":1},"b":{},"f":{"1":1,"2":1,"3":1,"4":1},"fnMap":{"1":{"name":"(anonymous_1)","line":2,"loc":{"start":{"line":2,"column":16},"end":{"line":2,"column":28}}},"2":{"name":"Commerce","line":3,"loc":{"start":{"line":3,"column":4},"end":{"line":3,"column":24}}},"3":{"name":"(anonymous_3)","line":5,"loc":{"start":{"line":5,"column":33},"end":{"line":5,"column":45}}},"4":{"name":"(anonymous_4)","line":8,"loc":{"start":{"line":8,"column":36},"end":{"line":8,"column":48}}}},"statementMap":{"1":{"start":{"line":2,"column":0},"end":{"line":20,"column":5}},"2":{"start":{"line":3,"column":4},"end":{"line":4,"column":5}},"3":{"start":{"line":5,"column":4},"end":{"line":7,"column":6}},"4":{"start":{"line":6,"column":8},"end":{"line":6,"column":26}},"5":{"start":{"line":8,"column":4},"end":{"line":18,"column":6}},"6":{"start":{"line":9,"column":8},"end":{"line":17,"column":10}},"7":{"start":{"line":19,"column":4},"end":{"line":19,"column":20}},"8":{"start":{"line":21,"column":0},"end":{"line":21,"column":28}}},"branchMap":{}},"/Users/budi/Sites/opensource/vscode-faker/out/src/entity/company.js":{"path":"/Users/budi/Sites/opensource/vscode-faker/out/src/entity/company.js","s":{"1":1,"2":1,"3":1,"4":1,"5":1,"6":1,"7":1,"8":1},"b":{},"f":{"1":1,"2":1,"3":1,"4":1},"fnMap":{"1":{"name":"(anonymous_1)","line":2,"loc":{"start":{"line":2,"column":15},"end":{"line":2,"column":27}}},"2":{"name":"Company","line":3,"loc":{"start":{"line":3,"column":4},"end":{"line":3,"column":23}}},"3":{"name":"(anonymous_3)","line":5,"loc":{"start":{"line":5,"column":32},"end":{"line":5,"column":44}}},"4":{"name":"(anonymous_4)","line":8,"loc":{"start":{"line":8,"column":35},"end":{"line":8,"column":47}}}},"statementMap":{"1":{"start":{"line":2,"column":0},"end":{"line":24,"column":5}},"2":{"start":{"line":3,"column":4},"end":{"line":4,"column":5}},"3":{"start":{"line":5,"column":4},"end":{"line":7,"column":6}},"4":{"start":{"line":6,"column":8},"end":{"line":6,"column":25}},"5":{"start":{"line":8,"column":4},"end":{"line":22,"column":6}},"6":{"start":{"line":9,"column":8},"end":{"line":21,"column":10}},"7":{"start":{"line":23,"column":4},"end":{"line":23,"column":19}},"8":{"start":{"line":25,"column":0},"end":{"line":25,"column":26}}},"branchMap":{}},"/Users/budi/Sites/opensource/vscode-faker/out/src/entity/database.js":{"path":"/Users/budi/Sites/opensource/vscode-faker/out/src/entity/database.js","s":{"1":1,"2":1,"3":1,"4":1,"5":1,"6":1,"7":1,"8":1},"b":{},"f":{"1":1,"2":1,"3":1,"4":1},"fnMap":{"1":{"name":"(anonymous_1)","line":2,"loc":{"start":{"line":2,"column":16},"end":{"line":2,"column":28}}},"2":{"name":"Database","line":3,"loc":{"start":{"line":3,"column":4},"end":{"line":3,"column":24}}},"3":{"name":"(anonymous_3)","line":5,"loc":{"start":{"line":5,"column":33},"end":{"line":5,"column":45}}},"4":{"name":"(anonymous_4)","line":8,"loc":{"start":{"line":8,"column":36},"end":{"line":8,"column":48}}}},"statementMap":{"1":{"start":{"line":2,"column":0},"end":{"line":17,"column":5}},"2":{"start":{"line":3,"column":4},"end":{"line":4,"column":5}},"3":{"start":{"line":5,"column":4},"end":{"line":7,"column":6}},"4":{"start":{"line":6,"column":8},"end":{"line":6,"column":26}},"5":{"start":{"line":8,"column":4},"end":{"line":15,"column":6}},"6":{"start":{"line":9,"column":8},"end":{"line":14,"column":10}},"7":{"start":{"line":16,"column":4},"end":{"line":16,"column":20}},"8":{"start":{"line":18,"column":0},"end":{"line":18,"column":28}}},"branchMap":{}},"/Users/budi/Sites/opensource/vscode-faker/out/src/entity/date.js":{"path":"/Users/budi/Sites/opensource/vscode-faker/out/src/entity/date.js","s":{"1":1,"2":1,"3":1,"4":1,"5":1,"6":1,"7":1,"8":1},"b":{},"f":{"1":1,"2":1,"3":1,"4":1},"fnMap":{"1":{"name":"(anonymous_1)","line":2,"loc":{"start":{"line":2,"column":12},"end":{"line":2,"column":24}}},"2":{"name":"Date","line":3,"loc":{"start":{"line":3,"column":4},"end":{"line":3,"column":20}}},"3":{"name":"(anonymous_3)","line":5,"loc":{"start":{"line":5,"column":29},"end":{"line":5,"column":41}}},"4":{"name":"(anonymous_4)","line":8,"loc":{"start":{"line":8,"column":32},"end":{"line":8,"column":44}}}},"statementMap":{"1":{"start":{"line":2,"column":0},"end":{"line":19,"column":5}},"2":{"start":{"line":3,"column":4},"end":{"line":4,"column":5}},"3":{"start":{"line":5,"column":4},"end":{"line":7,"column":6}},"4":{"start":{"line":6,"column":8},"end":{"line":6,"column":22}},"5":{"start":{"line":8,"column":4},"end":{"line":17,"column":6}},"6":{"start":{"line":9,"column":8},"end":{"line":16,"column":10}},"7":{"start":{"line":18,"column":4},"end":{"line":18,"column":16}},"8":{"start":{"line":20,"column":0},"end":{"line":20,"column":20}}},"branchMap":{}},"/Users/budi/Sites/opensource/vscode-faker/out/src/entity/finance.js":{"path":"/Users/budi/Sites/opensource/vscode-faker/out/src/entity/finance.js","s":{"1":1,"2":1,"3":1,"4":1,"5":1,"6":1,"7":1,"8":1},"b":{},"f":{"1":1,"2":1,"3":1,"4":1},"fnMap":{"1":{"name":"(anonymous_1)","line":2,"loc":{"start":{"line":2,"column":15},"end":{"line":2,"column":27}}},"2":{"name":"Finance","line":3,"loc":{"start":{"line":3,"column":4},"end":{"line":3,"column":23}}},"3":{"name":"(anonymous_3)","line":5,"loc":{"start":{"line":5,"column":32},"end":{"line":5,"column":44}}},"4":{"name":"(anonymous_4)","line":8,"loc":{"start":{"line":8,"column":35},"end":{"line":8,"column":47}}}},"statementMap":{"1":{"start":{"line":2,"column":0},"end":{"line":24,"column":5}},"2":{"start":{"line":3,"column":4},"end":{"line":4,"column":5}},"3":{"start":{"line":5,"column":4},"end":{"line":7,"column":6}},"4":{"start":{"line":6,"column":8},"end":{"line":6,"column":25}},"5":{"start":{"line":8,"column":4},"end":{"line":22,"column":6}},"6":{"start":{"line":9,"column":8},"end":{"line":21,"column":10}},"7":{"start":{"line":23,"column":4},"end":{"line":23,"column":19}},"8":{"start":{"line":25,"column":0},"end":{"line":25,"column":26}}},"branchMap":{}},"/Users/budi/Sites/opensource/vscode-faker/out/src/entity/hacker.js":{"path":"/Users/budi/Sites/opensource/vscode-faker/out/src/entity/hacker.js","s":{"1":1,"2":1,"3":1,"4":1,"5":1,"6":1,"7":1,"8":1},"b":{},"f":{"1":1,"2":1,"3":1,"4":1},"fnMap":{"1":{"name":"(anonymous_1)","line":2,"loc":{"start":{"line":2,"column":14},"end":{"line":2,"column":26}}},"2":{"name":"Hacker","line":3,"loc":{"start":{"line":3,"column":4},"end":{"line":3,"column":22}}},"3":{"name":"(anonymous_3)","line":5,"loc":{"start":{"line":5,"column":31},"end":{"line":5,"column":43}}},"4":{"name":"(anonymous_4)","line":8,"loc":{"start":{"line":8,"column":34},"end":{"line":8,"column":46}}}},"statementMap":{"1":{"start":{"line":2,"column":0},"end":{"line":19,"column":5}},"2":{"start":{"line":3,"column":4},"end":{"line":4,"column":5}},"3":{"start":{"line":5,"column":4},"end":{"line":7,"column":6}},"4":{"start":{"line":6,"column":8},"end":{"line":6,"column":24}},"5":{"start":{"line":8,"column":4},"end":{"line":17,"column":6}},"6":{"start":{"line":9,"column":8},"end":{"line":16,"column":10}},"7":{"start":{"line":18,"column":4},"end":{"line":18,"column":18}},"8":{"start":{"line":20,"column":0},"end":{"line":20,"column":24}}},"branchMap":{}},"/Users/budi/Sites/opensource/vscode-faker/out/src/entity/image.js":{"path":"/Users/budi/Sites/opensource/vscode-faker/out/src/entity/image.js","s":{"1":1,"2":1,"3":1,"4":1,"5":1,"6":1,"7":1,"8":1},"b":{},"f":{"1":1,"2":1,"3":1,"4":1},"fnMap":{"1":{"name":"(anonymous_1)","line":2,"loc":{"start":{"line":2,"column":13},"end":{"line":2,"column":25}}},"2":{"name":"Image","line":3,"loc":{"start":{"line":3,"column":4},"end":{"line":3,"column":21}}},"3":{"name":"(anonymous_3)","line":5,"loc":{"start":{"line":5,"column":30},"end":{"line":5,"column":42}}},"4":{"name":"(anonymous_4)","line":8,"loc":{"start":{"line":8,"column":33},"end":{"line":8,"column":45}}}},"statementMap":{"1":{"start":{"line":2,"column":0},"end":{"line":30,"column":5}},"2":{"start":{"line":3,"column":4},"end":{"line":4,"column":5}},"3":{"start":{"line":5,"column":4},"end":{"line":7,"column":6}},"4":{"start":{"line":6,"column":8},"end":{"line":6,"column":23}},"5":{"start":{"line":8,"column":4},"end":{"line":28,"column":6}},"6":{"start":{"line":9,"column":8},"end":{"line":27,"column":10}},"7":{"start":{"line":29,"column":4},"end":{"line":29,"column":17}},"8":{"start":{"line":31,"column":0},"end":{"line":31,"column":22}}},"branchMap":{}},"/Users/budi/Sites/opensource/vscode-faker/out/src/entity/internet.js":{"path":"/Users/budi/Sites/opensource/vscode-faker/out/src/entity/internet.js","s":{"1":1,"2":1,"3":1,"4":1,"5":1,"6":1,"7":1,"8":1},"b":{},"f":{"1":1,"2":1,"3":1,"4":1},"fnMap":{"1":{"name":"(anonymous_1)","line":2,"loc":{"start":{"line":2,"column":16},"end":{"line":2,"column":28}}},"2":{"name":"Internet","line":3,"loc":{"start":{"line":3,"column":4},"end":{"line":3,"column":24}}},"3":{"name":"(anonymous_3)","line":5,"loc":{"start":{"line":5,"column":33},"end":{"line":5,"column":45}}},"4":{"name":"(anonymous_4)","line":8,"loc":{"start":{"line":8,"column":36},"end":{"line":8,"column":48}}}},"statementMap":{"1":{"start":{"line":2,"column":0},"end":{"line":28,"column":5}},"2":{"start":{"line":3,"column":4},"end":{"line":4,"column":5}},"3":{"start":{"line":5,"column":4},"end":{"line":7,"column":6}},"4":{"start":{"line":6,"column":8},"end":{"line":6,"column":26}},"5":{"start":{"line":8,"column":4},"end":{"line":26,"column":6}},"6":{"start":{"line":9,"column":8},"end":{"line":25,"column":10}},"7":{"start":{"line":27,"column":4},"end":{"line":27,"column":20}},"8":{"start":{"line":29,"column":0},"end":{"line":29,"column":28}}},"branchMap":{}},"/Users/budi/Sites/opensource/vscode-faker/out/src/entity/lorem.js":{"path":"/Users/budi/Sites/opensource/vscode-faker/out/src/entity/lorem.js","s":{"1":1,"2":1,"3":1,"4":1,"5":1,"6":1,"7":1,"8":1},"b":{},"f":{"1":1,"2":1,"3":1,"4":1},"fnMap":{"1":{"name":"(anonymous_1)","line":2,"loc":{"start":{"line":2,"column":13},"end":{"line":2,"column":25}}},"2":{"name":"Lorem","line":3,"loc":{"start":{"line":3,"column":4},"end":{"line":3,"column":21}}},"3":{"name":"(anonymous_3)","line":5,"loc":{"start":{"line":5,"column":30},"end":{"line":5,"column":42}}},"4":{"name":"(anonymous_4)","line":8,"loc":{"start":{"line":8,"column":33},"end":{"line":8,"column":45}}}},"statementMap":{"1":{"start":{"line":2,"column":0},"end":{"line":22,"column":5}},"2":{"start":{"line":3,"column":4},"end":{"line":4,"column":5}},"3":{"start":{"line":5,"column":4},"end":{"line":7,"column":6}},"4":{"start":{"line":6,"column":8},"end":{"line":6,"column":23}},"5":{"start":{"line":8,"column":4},"end":{"line":20,"column":6}},"6":{"start":{"line":9,"column":8},"end":{"line":19,"column":10}},"7":{"start":{"line":21,"column":4},"end":{"line":21,"column":17}},"8":{"start":{"line":23,"column":0},"end":{"line":23,"column":22}}},"branchMap":{}},"/Users/budi/Sites/opensource/vscode-faker/out/src/entity/name.js":{"path":"/Users/budi/Sites/opensource/vscode-faker/out/src/entity/name.js","s":{"1":1,"2":1,"3":1,"4":1,"5":1,"6":1,"7":1,"8":1},"b":{},"f":{"1":1,"2":1,"3":1,"4":1},"fnMap":{"1":{"name":"(anonymous_1)","line":2,"loc":{"start":{"line":2,"column":12},"end":{"line":2,"column":24}}},"2":{"name":"Name","line":3,"loc":{"start":{"line":3,"column":4},"end":{"line":3,"column":20}}},"3":{"name":"(anonymous_3)","line":5,"loc":{"start":{"line":5,"column":29},"end":{"line":5,"column":41}}},"4":{"name":"(anonymous_4)","line":8,"loc":{"start":{"line":8,"column":32},"end":{"line":8,"column":44}}}},"statementMap":{"1":{"start":{"line":2,"column":0},"end":{"line":23,"column":5}},"2":{"start":{"line":3,"column":4},"end":{"line":4,"column":5}},"3":{"start":{"line":5,"column":4},"end":{"line":7,"column":6}},"4":{"start":{"line":6,"column":8},"end":{"line":6,"column":22}},"5":{"start":{"line":8,"column":4},"end":{"line":21,"column":6}},"6":{"start":{"line":9,"column":8},"end":{"line":20,"column":10}},"7":{"start":{"line":22,"column":4},"end":{"line":22,"column":16}},"8":{"start":{"line":24,"column":0},"end":{"line":24,"column":20}}},"branchMap":{}},"/Users/budi/Sites/opensource/vscode-faker/out/src/entity/phone.js":{"path":"/Users/budi/Sites/opensource/vscode-faker/out/src/entity/phone.js","s":{"1":1,"2":1,"3":1,"4":1,"5":1,"6":1,"7":1,"8":1},"b":{},"f":{"1":1,"2":1,"3":1,"4":1},"fnMap":{"1":{"name":"(anonymous_1)","line":2,"loc":{"start":{"line":2,"column":13},"end":{"line":2,"column":25}}},"2":{"name":"Phone","line":3,"loc":{"start":{"line":3,"column":4},"end":{"line":3,"column":21}}},"3":{"name":"(anonymous_3)","line":5,"loc":{"start":{"line":5,"column":30},"end":{"line":5,"column":42}}},"4":{"name":"(anonymous_4)","line":8,"loc":{"start":{"line":8,"column":33},"end":{"line":8,"column":45}}}},"statementMap":{"1":{"start":{"line":2,"column":0},"end":{"line":16,"column":5}},"2":{"start":{"line":3,"column":4},"end":{"line":4,"column":5}},"3":{"start":{"line":5,"column":4},"end":{"line":7,"column":6}},"4":{"start":{"line":6,"column":8},"end":{"line":6,"column":23}},"5":{"start":{"line":8,"column":4},"end":{"line":14,"column":6}},"6":{"start":{"line":9,"column":8},"end":{"line":13,"column":10}},"7":{"start":{"line":15,"column":4},"end":{"line":15,"column":17}},"8":{"start":{"line":17,"column":0},"end":{"line":17,"column":22}}},"branchMap":{}},"/Users/budi/Sites/opensource/vscode-faker/out/src/entity/random.js":{"path":"/Users/budi/Sites/opensource/vscode-faker/out/src/entity/random.js","s":{"1":1,"2":1,"3":1,"4":1,"5":1,"6":1,"7":1,"8":1},"b":{},"f":{"1":1,"2":1,"3":1,"4":1},"fnMap":{"1":{"name":"(anonymous_1)","line":2,"loc":{"start":{"line":2,"column":14},"end":{"line":2,"column":26}}},"2":{"name":"Random","line":3,"loc":{"start":{"line":3,"column":4},"end":{"line":3,"column":22}}},"3":{"name":"(anonymous_3)","line":5,"loc":{"start":{"line":5,"column":31},"end":{"line":5,"column":43}}},"4":{"name":"(anonymous_4)","line":8,"loc":{"start":{"line":8,"column":34},"end":{"line":8,"column":46}}}},"statementMap":{"1":{"start":{"line":2,"column":0},"end":{"line":23,"column":5}},"2":{"start":{"line":3,"column":4},"end":{"line":4,"column":5}},"3":{"start":{"line":5,"column":4},"end":{"line":7,"column":6}},"4":{"start":{"line":6,"column":8},"end":{"line":6,"column":24}},"5":{"start":{"line":8,"column":4},"end":{"line":21,"column":6}},"6":{"start":{"line":9,"column":8},"end":{"line":20,"column":10}},"7":{"start":{"line":22,"column":4},"end":{"line":22,"column":18}},"8":{"start":{"line":24,"column":0},"end":{"line":24,"column":24}}},"branchMap":{}},"/Users/budi/Sites/opensource/vscode-faker/out/src/entity/system.js":{"path":"/Users/budi/Sites/opensource/vscode-faker/out/src/entity/system.js","s":{"1":1,"2":1,"3":1,"4":1,"5":1,"6":1,"7":1,"8":1},"b":{},"f":{"1":1,"2":1,"3":1,"4":1},"fnMap":{"1":{"name":"(anonymous_1)","line":2,"loc":{"start":{"line":2,"column":14},"end":{"line":2,"column":26}}},"2":{"name":"System","line":3,"loc":{"start":{"line":3,"column":4},"end":{"line":3,"column":22}}},"3":{"name":"(anonymous_3)","line":5,"loc":{"start":{"line":5,"column":31},"end":{"line":5,"column":43}}},"4":{"name":"(anonymous_4)","line":8,"loc":{"start":{"line":8,"column":34},"end":{"line":8,"column":46}}}},"statementMap":{"1":{"start":{"line":2,"column":0},"end":{"line":23,"column":5}},"2":{"start":{"line":3,"column":4},"end":{"line":4,"column":5}},"3":{"start":{"line":5,"column":4},"end":{"line":7,"column":6}},"4":{"start":{"line":6,"column":8},"end":{"line":6,"column":24}},"5":{"start":{"line":8,"column":4},"end":{"line":21,"column":6}},"6":{"start":{"line":9,"column":8},"end":{"line":20,"column":10}},"7":{"start":{"line":22,"column":4},"end":{"line":22,"column":18}},"8":{"start":{"line":24,"column":0},"end":{"line":24,"column":24}}},"branchMap":{}}}