TN:
SF:/Users/budi/Sites/opensource/vscode-faker/out/src/entity/address.js
FN:2,(anonymous_1)
FN:3,Address
FN:5,(anonymous_3)
FN:8,(anonymous_4)
FNF:4
FNH:4
FNDA:1,(anonymous_1)
FNDA:1,Address
FNDA:1,(anonymous_3)
FNDA:1,(anonymous_4)
DA:2,1
DA:3,1
DA:5,1
DA:6,1
DA:8,1
DA:9,1
DA:28,1
DA:30,1
LF:8
LH:8
BRF:0
BRH:0
end_of_record
TN:
SF:/Users/budi/Sites/opensource/vscode-faker/out/src/entity/commerce.js
FN:2,(anonymous_1)
FN:3,Commerce
FN:5,(anonymous_3)
FN:8,(anonymous_4)
FNF:4
FNH:4
FNDA:1,(anonymous_1)
FNDA:1,Commerce
FNDA:1,(anonymous_3)
FNDA:1,(anonymous_4)
DA:2,1
DA:3,1
DA:5,1
DA:6,1
DA:8,1
DA:9,1
DA:19,1
DA:21,1
LF:8
LH:8
BRF:0
BRH:0
end_of_record
TN:
SF:/Users/budi/Sites/opensource/vscode-faker/out/src/entity/company.js
FN:2,(anonymous_1)
FN:3,Company
FN:5,(anonymous_3)
FN:8,(anonymous_4)
FNF:4
FNH:4
FNDA:1,(anonymous_1)
FNDA:1,Company
FNDA:1,(anonymous_3)
FNDA:1,(anonymous_4)
DA:2,1
DA:3,1
DA:5,1
DA:6,1
DA:8,1
DA:9,1
DA:23,1
DA:25,1
LF:8
LH:8
BRF:0
BRH:0
end_of_record
TN:
SF:/Users/budi/Sites/opensource/vscode-faker/out/src/entity/database.js
FN:2,(anonymous_1)
FN:3,Database
FN:5,(anonymous_3)
FN:8,(anonymous_4)
FNF:4
FNH:4
FNDA:1,(anonymous_1)
FNDA:1,Database
FNDA:1,(anonymous_3)
FNDA:1,(anonymous_4)
DA:2,1
DA:3,1
DA:5,1
DA:6,1
DA:8,1
DA:9,1
DA:16,1
DA:18,1
LF:8
LH:8
BRF:0
BRH:0
end_of_record
TN:
SF:/Users/budi/Sites/opensource/vscode-faker/out/src/entity/date.js
FN:2,(anonymous_1)
FN:3,Date
FN:5,(anonymous_3)
FN:8,(anonymous_4)
FNF:4
FNH:4
FNDA:1,(anonymous_1)
FNDA:1,Date
FNDA:1,(anonymous_3)
FNDA:1,(anonymous_4)
DA:2,1
DA:3,1
DA:5,1
DA:6,1
DA:8,1
DA:9,1
DA:18,1
DA:20,1
LF:8
LH:8
BRF:0
BRH:0
end_of_record
TN:
SF:/Users/budi/Sites/opensource/vscode-faker/out/src/entity/finance.js
FN:2,(anonymous_1)
FN:3,Finance
FN:5,(anonymous_3)
FN:8,(anonymous_4)
FNF:4
FNH:4
FNDA:1,(anonymous_1)
FNDA:1,Finance
FNDA:1,(anonymous_3)
FNDA:1,(anonymous_4)
DA:2,1
DA:3,1
DA:5,1
DA:6,1
DA:8,1
DA:9,1
DA:23,1
DA:25,1
LF:8
LH:8
BRF:0
BRH:0
end_of_record
TN:
SF:/Users/budi/Sites/opensource/vscode-faker/out/src/entity/hacker.js
FN:2,(anonymous_1)
FN:3,Hacker
FN:5,(anonymous_3)
FN:8,(anonymous_4)
FNF:4
FNH:4
FNDA:1,(anonymous_1)
FNDA:1,Hacker
FNDA:1,(anonymous_3)
FNDA:1,(anonymous_4)
DA:2,1
DA:3,1
DA:5,1
DA:6,1
DA:8,1
DA:9,1
DA:18,1
DA:20,1
LF:8
LH:8
BRF:0
BRH:0
end_of_record
TN:
SF:/Users/budi/Sites/opensource/vscode-faker/out/src/entity/image.js
FN:2,(anonymous_1)
FN:3,Image
FN:5,(anonymous_3)
FN:8,(anonymous_4)
FNF:4
FNH:4
FNDA:1,(anonymous_1)
FNDA:1,Image
FNDA:1,(anonymous_3)
FNDA:1,(anonymous_4)
DA:2,1
DA:3,1
DA:5,1
DA:6,1
DA:8,1
DA:9,1
DA:29,1
DA:31,1
LF:8
LH:8
BRF:0
BRH:0
end_of_record
TN:
SF:/Users/budi/Sites/opensource/vscode-faker/out/src/entity/internet.js
FN:2,(anonymous_1)
FN:3,Internet
FN:5,(anonymous_3)
FN:8,(anonymous_4)
FNF:4
FNH:4
FNDA:1,(anonymous_1)
FNDA:1,Internet
FNDA:1,(anonymous_3)
FNDA:1,(anonymous_4)
DA:2,1
DA:3,1
DA:5,1
DA:6,1
DA:8,1
DA:9,1
DA:27,1
DA:29,1
LF:8
LH:8
BRF:0
BRH:0
end_of_record
TN:
SF:/Users/budi/Sites/opensource/vscode-faker/out/src/entity/lorem.js
FN:2,(anonymous_1)
FN:3,Lorem
FN:5,(anonymous_3)
FN:8,(anonymous_4)
FNF:4
FNH:4
FNDA:1,(anonymous_1)
FNDA:1,Lorem
FNDA:1,(anonymous_3)
FNDA:1,(anonymous_4)
DA:2,1
DA:3,1
DA:5,1
DA:6,1
DA:8,1
DA:9,1
DA:21,1
DA:23,1
LF:8
LH:8
BRF:0
BRH:0
end_of_record
TN:
SF:/Users/budi/Sites/opensource/vscode-faker/out/src/entity/name.js
FN:2,(anonymous_1)
FN:3,Name
FN:5,(anonymous_3)
FN:8,(anonymous_4)
FNF:4
FNH:4
FNDA:1,(anonymous_1)
FNDA:1,Name
FNDA:1,(anonymous_3)
FNDA:1,(anonymous_4)
DA:2,1
DA:3,1
DA:5,1
DA:6,1
DA:8,1
DA:9,1
DA:22,1
DA:24,1
LF:8
LH:8
BRF:0
BRH:0
end_of_record
TN:
SF:/Users/budi/Sites/opensource/vscode-faker/out/src/entity/phone.js
FN:2,(anonymous_1)
FN:3,Phone
FN:5,(anonymous_3)
FN:8,(anonymous_4)
FNF:4
FNH:4
FNDA:1,(anonymous_1)
FNDA:1,Phone
FNDA:1,(anonymous_3)
FNDA:1,(anonymous_4)
DA:2,1
DA:3,1
DA:5,1
DA:6,1
DA:8,1
DA:9,1
DA:15,1
DA:17,1
LF:8
LH:8
BRF:0
BRH:0
end_of_record
TN:
SF:/Users/budi/Sites/opensource/vscode-faker/out/src/entity/random.js
FN:2,(anonymous_1)
FN:3,Random
FN:5,(anonymous_3)
FN:8,(anonymous_4)
FNF:4
FNH:4
FNDA:1,(anonymous_1)
FNDA:1,Random
FNDA:1,(anonymous_3)
FNDA:1,(anonymous_4)
DA:2,1
DA:3,1
DA:5,1
DA:6,1
DA:8,1
DA:9,1
DA:22,1
DA:24,1
LF:8
LH:8
BRF:0
BRH:0
end_of_record
TN:
SF:/Users/budi/Sites/opensource/vscode-faker/out/src/entity/system.js
FN:2,(anonymous_1)
FN:3,System
FN:5,(anonymous_3)
FN:8,(anonymous_4)
FNF:4
FNH:4
FNDA:1,(anonymous_1)
FNDA:1,System
FNDA:1,(anonymous_3)
FNDA:1,(anonymous_4)
DA:2,1
DA:3,1
DA:5,1
DA:6,1
DA:8,1
DA:9,1
DA:22,1
DA:24,1
LF:8
LH:8
BRF:0
BRH:0
end_of_record
